<?xml version="1.0" encoding="UTF-8"?>
<!-- Generated by org.testng.reporters.JUnitReportReporter -->
<testsuite hostname="LAPTOP-CK67H558" failures="1" tests="1" name="CucumberOptions.Tenng_runnerfail" time="13.437" errors="0" timestamp="2025-02-10T23:21:41 IST" skipped="0">
  <testcase classname="CucumberOptions.Tenng_runnerfail" name="runScenario" time="13.437">
    <failure message="expected [No data] but found [Cucumber]" type="java.lang.AssertionError">
      <![CDATA[java.lang.AssertionError: expected [No data] but found [Cucumber]
at org.testng.Assert.fail(Assert.java:111)
at org.testng.Assert.failNotEquals(Assert.java:1578)
at org.testng.Assert.assertEqualsImpl(Assert.java:150)
at org.testng.Assert.assertEquals(Assert.java:132)
at org.testng.Assert.assertEquals(Assert.java:656)
at org.testng.Assert.assertEquals(Assert.java:666)
at stepDefinations.practice2.check_the_extract_product_name_by_search_tom_shortname_in_top_deals(practice2.java:57)
at âœ½.check the extract product name by search cucu shortname in Top deals(file:///C:/Users/Raveena/eclipse-workspace/Automation/src/test/java/feauture/Selecuc.feature:12)
]]>
    </failure>
  </testcase> <!-- runScenario -->
</testsuite> <!-- CucumberOptions.Tenng_runnerfail -->
