<?xml version="1.0" encoding="UTF-8"?>
<testng-results ignored="0" total="3" passed="2" failed="1" skipped="0">
  <reporter-output>
  </reporter-output>
  <suite started-at="2025-02-15T15:31:24 IST" name="Default suite" finished-at="2025-02-15T15:32:02 IST" duration-ms="37905">
    <groups>
      <group name="cucumber">
        <method signature="AbstractTestNGCucumberTests.runScenario(io.cucumber.testng.PickleWrapper,io.cucumber.testng.FeatureWrapper)[pri:0, instance:CucumberOptions.TestngTest_runner@c86b9e3]" name="runScenario" class="io.cucumber.testng.AbstractTestNGCucumberTests"/>
      </group> <!-- cucumber -->
    </groups>
    <test started-at="2025-02-15T15:31:24 IST" name="Default test" finished-at="2025-02-15T15:32:02 IST" duration-ms="37905">
      <class name="CucumberOptions.TestngTest_runner">
        <test-method is-config="true" signature="setUpClass(org.testng.ITestContext)[pri:0, instance:CucumberOptions.TestngTest_runner@c86b9e3]" started-at="2025-02-15T15:31:24 IST" name="setUpClass" finished-at="2025-02-15T15:31:25 IST" duration-ms="616" status="PASS">
          <params>
            <param index="0">
              <value>
                <![CDATA[org.testng.TestRunner@6058e535]]>
              </value>
            </param>
          </params>
          <reporter-output>
          </reporter-output>
        </test-method> <!-- setUpClass -->
        <test-method signature="runScenario(io.cucumber.testng.PickleWrapper,io.cucumber.testng.FeatureWrapper)[pri:0, instance:CucumberOptions.TestngTest_runner@c86b9e3]" started-at="2025-02-15T15:31:25 IST" name="runScenario" description="Runs Cucumber Scenarios" data-provider="scenarios" finished-at="2025-02-15T15:32:01 IST" duration-ms="35944" status="PASS">
          <params>
            <param index="0">
              <value>
                <![CDATA["practice2"]]>
              </value>
            </param>
            <param index="1">
              <value>
                <![CDATA["user experience on search bar and top deals"]]>
              </value>
            </param>
          </params>
          <reporter-output>
          </reporter-output>
        </test-method> <!-- runScenario -->
        <test-method signature="runScenario(io.cucumber.testng.PickleWrapper,io.cucumber.testng.FeatureWrapper)[pri:0, instance:CucumberOptions.TestngTest_runner@c86b9e3]" started-at="2025-02-15T15:31:25 IST" name="runScenario" description="Runs Cucumber Scenarios" data-provider="scenarios" finished-at="2025-02-15T15:32:02 IST" duration-ms="37146" status="PASS">
          <params>
            <param index="0">
              <value>
                <![CDATA["practice2"]]>
              </value>
            </param>
            <param index="1">
              <value>
                <![CDATA["user experience on search bar and top deals"]]>
              </value>
            </param>
          </params>
          <reporter-output>
          </reporter-output>
        </test-method> <!-- runScenario -->
        <test-method signature="runScenario(io.cucumber.testng.PickleWrapper,io.cucumber.testng.FeatureWrapper)[pri:0, instance:CucumberOptions.TestngTest_runner@c86b9e3]" started-at="2025-02-15T15:31:25 IST" name="runScenario" description="Runs Cucumber Scenarios" data-provider="scenarios" finished-at="2025-02-15T15:32:01 IST" duration-ms="35896" status="FAIL">
          <params>
            <param index="0">
              <value>
                <![CDATA["practice2"]]>
              </value>
            </param>
            <param index="1">
              <value>
                <![CDATA["user experience on search bar and top deals"]]>
              </value>
            </param>
          </params>
          <exception class="java.lang.AssertionError">
            <message>
              <![CDATA[expected [No data] but found [Cucumber]]]>
            </message>
            <full-stacktrace>
              <![CDATA[java.lang.AssertionError: expected [No data] but found [Cucumber]
at org.testng.Assert.fail(Assert.java:111)
at org.testng.Assert.failNotEquals(Assert.java:1578)
at org.testng.Assert.assertEqualsImpl(Assert.java:150)
at org.testng.Assert.assertEquals(Assert.java:132)
at org.testng.Assert.assertEquals(Assert.java:656)
at org.testng.Assert.assertEquals(Assert.java:666)
at stepDefinations.practice2.check_the_extract_product_name_by_search_tom_shortname_in_top_deals(practice2.java:57)
at âœ½.check the extract product name by search cucu shortname in Top deals(file:///C:/Users/Raveena/eclipse-workspace/Automation/src/test/java/feauture/Selecuc.feature:12)
]]>
            </full-stacktrace>
          </exception> <!-- java.lang.AssertionError -->
          <reporter-output>
          </reporter-output>
        </test-method> <!-- runScenario -->
        <test-method is-config="true" signature="tearDownClass()[pri:0, instance:CucumberOptions.TestngTest_runner@c86b9e3]" started-at="2025-02-15T15:32:02 IST" name="tearDownClass" finished-at="2025-02-15T15:32:02 IST" duration-ms="91" status="PASS">
          <reporter-output>
          </reporter-output>
        </test-method> <!-- tearDownClass -->
      </class> <!-- CucumberOptions.TestngTest_runner -->
    </test> <!-- Default test -->
  </suite> <!-- Default suite -->
</testng-results>
